Performing C SOURCE FILE Test CMAKE_HAVE_LIBC_PTHREAD failed with the following output:
Change Dir: /home/hgy/PycharmProjects/sfm/openMVG/openMVG_Build/CMakeFiles/CMakeTmp

Run Build Command(s):/usr/bin/make cmTC_0213a/fast && /usr/bin/make -f CMakeFiles/cmTC_0213a.dir/build.make CMakeFiles/cmTC_0213a.dir/build
make[1]: 디렉터리 '/home/hgy/PycharmProjects/sfm/openMVG/openMVG_Build/CMakeFiles/CMakeTmp' 들어감
Building C object CMakeFiles/cmTC_0213a.dir/src.c.o
/usr/bin/cc   -march=skylake -msse2 -msse3 -mssse3 -msse4.1 -msse4.2 -mavx -mfma -mbmi2 -mavx2 -mno-sse4a -mno-xop -mno-fma4 -mno-avx512f -mno-avx512vl -mno-avx512pf -mno-avx512er -mno-avx512cd -mno-avx512dq -mno-avx512bw -mno-avx512ifma -mno-avx512vbmi -DCMAKE_HAVE_LIBC_PTHREAD   -o CMakeFiles/cmTC_0213a.dir/src.c.o   -c /home/hgy/PycharmProjects/sfm/openMVG/openMVG_Build/CMakeFiles/CMakeTmp/src.c
Linking C executable cmTC_0213a
/usr/bin/cmake -E cmake_link_script CMakeFiles/cmTC_0213a.dir/link.txt --verbose=1
/usr/bin/cc  -march=skylake -msse2 -msse3 -mssse3 -msse4.1 -msse4.2 -mavx -mfma -mbmi2 -mavx2 -mno-sse4a -mno-xop -mno-fma4 -mno-avx512f -mno-avx512vl -mno-avx512pf -mno-avx512er -mno-avx512cd -mno-avx512dq -mno-avx512bw -mno-avx512ifma -mno-avx512vbmi -DCMAKE_HAVE_LIBC_PTHREAD    CMakeFiles/cmTC_0213a.dir/src.c.o  -o cmTC_0213a 
/usr/bin/ld: CMakeFiles/cmTC_0213a.dir/src.c.o: in function `main':
src.c:(.text+0x46): undefined reference to `pthread_create'
/usr/bin/ld: src.c:(.text+0x52): undefined reference to `pthread_detach'
/usr/bin/ld: src.c:(.text+0x63): undefined reference to `pthread_join'
collect2: error: ld returned 1 exit status
make[1]: *** [CMakeFiles/cmTC_0213a.dir/build.make:87: cmTC_0213a] 오류 1
make[1]: 디렉터리 '/home/hgy/PycharmProjects/sfm/openMVG/openMVG_Build/CMakeFiles/CMakeTmp' 나감
make: *** [Makefile:121: cmTC_0213a/fast] 오류 2


Source file was:
#include <pthread.h>

void* test_func(void* data)
{
  return data;
}

int main(void)
{
  pthread_t thread;
  pthread_create(&thread, NULL, test_func, NULL);
  pthread_detach(thread);
  pthread_join(thread, NULL);
  pthread_atfork(NULL, NULL, NULL);
  pthread_exit(NULL);

  return 0;
}

